  소스1.cpp
C:\Users\Administrator\source\repos\Test\Test\소스1.cpp(6,2): error C2065: 'repeat': 선언되지 않은 식별자입니다.
C:\Users\Administrator\source\repos\Test\Test\소스1.cpp(8,1): error C2143: 구문 오류: ';'이(가) '}' 앞에 없습니다.
